<?xml version="1.0" encoding="UTF-8"?>
<TestRun id="77d483f8-3a99-4194-aef2-b79c39882630" name="Gabriel@GABRIEL-PC 2013-04-21 14:45:26" runUser="Gabriel-PC\Gabriel" xmlns="http://microsoft.com/schemas/VisualStudio/TeamTest/2010">
  <TestSettings name="Local" id="6306415e-3f51-4de1-91ea-c530f529f1c5">
    <Description>These are default test settings for a local test run.</Description>
    <Deployment enabled="false" runDeploymentRoot="Gabriel_GABRIEL-PC 2013-04-21 14_45_26" />
    <Execution>
      <TestTypeSpecific />
      <AgentRule name="Execution Agents">
      </AgentRule>
    </Execution>
  </TestSettings>
  <Times creation="2013-04-21T14:45:26.5402292-07:00" queuing="2013-04-21T14:45:26.7122390-07:00" start="2013-04-21T14:45:26.7412407-07:00" finish="2013-04-21T14:45:27.0112561-07:00" />
  <ResultSummary outcome="Completed">
    <Counters total="1" executed="1" passed="1" error="0" failed="0" timeout="0" aborted="0" inconclusive="0" passedButRunAborted="0" notRunnable="0" notExecuted="0" disconnected="0" warning="0" completed="0" inProgress="0" pending="0" />
  </ResultSummary>
  <TestDefinitions>
    <UnitTest name="TestMethod1" storage="c:\users\gabriel\documents\github\slapp\slapp\slapp_tests\bin\debug\slapp_tests.dll" id="19dbc64f-d864-9a78-d53e-8dc6db89d752">
      <Execution id="24a67ae8-72d7-47dd-99f4-c198b0e22818" />
      <TestMethod codeBase="C:/Users/Gabriel/Documents/GitHub/SLApp/SLApp/SLApp_Tests/bin/Debug/SLApp_Tests.DLL" adapterTypeName="Microsoft.VisualStudio.TestTools.TestTypes.Unit.UnitTestAdapter, Microsoft.VisualStudio.QualityTools.Tips.UnitTest.Adapter, Version=10.0.0.0, Culture=neutral, PublicKeyToken=b03f5f7f11d50a3a" className="SLApp_Tests.UnitTest1, SLApp_Tests, Version=1.0.0.0, Culture=neutral, PublicKeyToken=null" name="TestMethod1" />
    </UnitTest>
  </TestDefinitions>
  <TestLists>
    <TestList name="Results Not in a List" id="8c84fa94-04c1-424b-9868-57a2d4851a1d" />
    <TestList name="All Loaded Results" id="19431567-8539-422a-85d7-44ee4e166bda" />
  </TestLists>
  <TestEntries>
    <TestEntry testId="19dbc64f-d864-9a78-d53e-8dc6db89d752" executionId="24a67ae8-72d7-47dd-99f4-c198b0e22818" testListId="8c84fa94-04c1-424b-9868-57a2d4851a1d" />
  </TestEntries>
  <Results>
    <UnitTestResult executionId="24a67ae8-72d7-47dd-99f4-c198b0e22818" testId="19dbc64f-d864-9a78-d53e-8dc6db89d752" testName="TestMethod1" computerName="GABRIEL-PC" duration="00:00:00.0112896" startTime="2013-04-21T14:45:26.7492411-07:00" endTime="2013-04-21T14:45:26.9952552-07:00" testType="13cdc9d9-ddb5-4fa4-a97d-d965ccfc6d4b" outcome="Passed" testListId="8c84fa94-04c1-424b-9868-57a2d4851a1d" relativeResultsDirectory="24a67ae8-72d7-47dd-99f4-c198b0e22818">
    </UnitTestResult>
  </Results>
</TestRun>