<?xml version="1.0" encoding="UTF-8"?>
<TestRun id="50d9906c-2431-4c5a-b0e0-4bf2e498fd4e" name="Gabriel@GABRIEL-PC 2013-04-21 14:56:16" runUser="Gabriel-PC\Gabriel" xmlns="http://microsoft.com/schemas/VisualStudio/TeamTest/2010">
  <TestSettings name="Local" id="6306415e-3f51-4de1-91ea-c530f529f1c5">
    <Description>These are default test settings for a local test run.</Description>
    <Deployment enabled="false" runDeploymentRoot="Gabriel_GABRIEL-PC 2013-04-21 14_56_16">
      <DeploymentItem filename="C:\Users\Gabriel\Documents\GitHub\SLApp\SLApp\SLApp_Beta\bin\Debug\SLApp_Beta.exe" />
    </Deployment>
    <Execution>
      <TestTypeSpecific />
      <AgentRule name="Execution Agents">
      </AgentRule>
    </Execution>
  </TestSettings>
  <Times creation="2013-04-21T14:56:16.8934272-07:00" queuing="2013-04-21T14:56:16.9184287-07:00" start="2013-04-21T14:56:16.9244290-07:00" finish="2013-04-21T14:56:17.2714489-07:00" />
  <ResultSummary outcome="Completed">
    <Counters total="1" executed="1" passed="1" error="0" failed="0" timeout="0" aborted="0" inconclusive="0" passedButRunAborted="0" notRunnable="0" notExecuted="0" disconnected="0" warning="0" completed="0" inProgress="0" pending="0" />
  </ResultSummary>
  <TestDefinitions>
    <UnitTest name="SLDatabase_Connection_Failed" storage="c:\users\gabriel\documents\github\slapp\slapp\slapp_tests\bin\debug\slapp_tests.dll" id="ad26d5f8-d00f-6ea0-5f64-1de15afc2456">
      <Execution id="0903f2ed-dbf1-4ccd-8bec-c806043b3367" />
      <TestMethod codeBase="C:/Users/Gabriel/Documents/GitHub/SLApp/SLApp/SLApp_Tests/bin/Debug/SLApp_Tests.DLL" adapterTypeName="Microsoft.VisualStudio.TestTools.TestTypes.Unit.UnitTestAdapter, Microsoft.VisualStudio.QualityTools.Tips.UnitTest.Adapter, Version=10.0.0.0, Culture=neutral, PublicKeyToken=b03f5f7f11d50a3a" className="SLApp_Tests.UnitTest1, SLApp_Tests, Version=1.0.0.0, Culture=neutral, PublicKeyToken=null" name="SLDatabase_Connection_Failed" />
    </UnitTest>
  </TestDefinitions>
  <TestLists>
    <TestList name="Results Not in a List" id="8c84fa94-04c1-424b-9868-57a2d4851a1d" />
    <TestList name="All Loaded Results" id="19431567-8539-422a-85d7-44ee4e166bda" />
  </TestLists>
  <TestEntries>
    <TestEntry testId="ad26d5f8-d00f-6ea0-5f64-1de15afc2456" executionId="0903f2ed-dbf1-4ccd-8bec-c806043b3367" testListId="8c84fa94-04c1-424b-9868-57a2d4851a1d" />
  </TestEntries>
  <Results>
    <UnitTestResult executionId="0903f2ed-dbf1-4ccd-8bec-c806043b3367" testId="ad26d5f8-d00f-6ea0-5f64-1de15afc2456" testName="SLDatabase_Connection_Failed" computerName="GABRIEL-PC" duration="00:00:00.0111191" startTime="2013-04-21T14:56:17.0064337-07:00" endTime="2013-04-21T14:56:17.2444473-07:00" testType="13cdc9d9-ddb5-4fa4-a97d-d965ccfc6d4b" outcome="Passed" testListId="8c84fa94-04c1-424b-9868-57a2d4851a1d" relativeResultsDirectory="0903f2ed-dbf1-4ccd-8bec-c806043b3367">
    </UnitTestResult>
  </Results>
</TestRun>