<?xml version="1.0" encoding="UTF-8"?>
<TestRun id="fccbf7b6-2ace-4e25-b2e9-ab90a9ef14f2" name="Gabriel@GABRIEL-PC 2013-04-21 14:44:59" runUser="Gabriel-PC\Gabriel" xmlns="http://microsoft.com/schemas/VisualStudio/TeamTest/2010">
  <TestSettings name="Local" id="6306415e-3f51-4de1-91ea-c530f529f1c5">
    <Description>These are default test settings for a local test run.</Description>
    <Deployment enabled="false" runDeploymentRoot="Gabriel_GABRIEL-PC 2013-04-21 14_44_59" />
    <Execution>
      <TestTypeSpecific />
      <AgentRule name="Execution Agents">
      </AgentRule>
    </Execution>
  </TestSettings>
  <Times creation="2013-04-21T14:44:59.0256554-07:00" queuing="2013-04-21T14:45:03.3549030-07:00" start="2013-04-21T14:45:03.6589204-07:00" finish="2013-04-21T14:45:05.4640237-07:00" />
  <ResultSummary outcome="Completed">
    <Counters total="1" executed="1" passed="1" error="0" failed="0" timeout="0" aborted="0" inconclusive="0" passedButRunAborted="0" notRunnable="0" notExecuted="0" disconnected="0" warning="0" completed="0" inProgress="0" pending="0" />
  </ResultSummary>
  <TestDefinitions>
    <UnitTest name="TestMethod1" storage="c:\users\gabriel\documents\github\slapp\slapp\slapp_tests\bin\debug\slapp_tests.dll" id="19dbc64f-d864-9a78-d53e-8dc6db89d752">
      <Execution id="81955397-b0fe-45e9-8a0a-8ee8b804ca52" />
      <TestMethod codeBase="C:/Users/Gabriel/Documents/GitHub/SLApp/SLApp/SLApp_Tests/bin/Debug/SLApp_Tests.DLL" adapterTypeName="Microsoft.VisualStudio.TestTools.TestTypes.Unit.UnitTestAdapter, Microsoft.VisualStudio.QualityTools.Tips.UnitTest.Adapter, Version=10.0.0.0, Culture=neutral, PublicKeyToken=b03f5f7f11d50a3a" className="SLApp_Tests.UnitTest1, SLApp_Tests, Version=1.0.0.0, Culture=neutral, PublicKeyToken=null" name="TestMethod1" />
    </UnitTest>
  </TestDefinitions>
  <TestLists>
    <TestList name="Results Not in a List" id="8c84fa94-04c1-424b-9868-57a2d4851a1d" />
    <TestList name="All Loaded Results" id="19431567-8539-422a-85d7-44ee4e166bda" />
  </TestLists>
  <TestEntries>
    <TestEntry testId="19dbc64f-d864-9a78-d53e-8dc6db89d752" executionId="81955397-b0fe-45e9-8a0a-8ee8b804ca52" testListId="8c84fa94-04c1-424b-9868-57a2d4851a1d" />
  </TestEntries>
  <Results>
    <UnitTestResult executionId="81955397-b0fe-45e9-8a0a-8ee8b804ca52" testId="19dbc64f-d864-9a78-d53e-8dc6db89d752" testName="TestMethod1" computerName="GABRIEL-PC" duration="00:00:00.0098146" startTime="2013-04-21T14:45:03.7549259-07:00" endTime="2013-04-21T14:45:04.7549831-07:00" testType="13cdc9d9-ddb5-4fa4-a97d-d965ccfc6d4b" outcome="Passed" testListId="8c84fa94-04c1-424b-9868-57a2d4851a1d" relativeResultsDirectory="81955397-b0fe-45e9-8a0a-8ee8b804ca52">
    </UnitTestResult>
  </Results>
</TestRun>